Determining if the pthread_create exist failed with the following output:
Change Dir: /home/jiale/softgym/PyFlex/bindings/build/CMakeFiles/CMakeTmp

Run Build Command(s):/usr/bin/make cmTC_e4b30/fast 
/usr/bin/make -f CMakeFiles/cmTC_e4b30.dir/build.make CMakeFiles/cmTC_e4b30.dir/build
make[1]: Entering directory '/home/jiale/softgym/PyFlex/bindings/build/CMakeFiles/CMakeTmp'
Building C object CMakeFiles/cmTC_e4b30.dir/CheckSymbolExists.c.o
/usr/bin/cc   -fPIC    -o CMakeFiles/cmTC_e4b30.dir/CheckSymbolExists.c.o   -c /home/jiale/softgym/PyFlex/bindings/build/CMakeFiles/CMakeTmp/CheckSymbolExists.c
Linking C executable cmTC_e4b30
/home/jiale/anaconda3/envs/softgym/bin/cmake -E cmake_link_script CMakeFiles/cmTC_e4b30.dir/link.txt --verbose=1
/usr/bin/cc -fPIC     CMakeFiles/cmTC_e4b30.dir/CheckSymbolExists.c.o  -o cmTC_e4b30 
CMakeFiles/cmTC_e4b30.dir/CheckSymbolExists.c.o: In function `main':
CheckSymbolExists.c:(.text+0x1b): undefined reference to `pthread_create'
collect2: error: ld returned 1 exit status
CMakeFiles/cmTC_e4b30.dir/build.make:86: recipe for target 'cmTC_e4b30' failed
make[1]: *** [cmTC_e4b30] Error 1
make[1]: Leaving directory '/home/jiale/softgym/PyFlex/bindings/build/CMakeFiles/CMakeTmp'
Makefile:121: recipe for target 'cmTC_e4b30/fast' failed
make: *** [cmTC_e4b30/fast] Error 2

File /home/jiale/softgym/PyFlex/bindings/build/CMakeFiles/CMakeTmp/CheckSymbolExists.c:
/* */
#include <pthread.h>

int main(int argc, char** argv)
{
  (void)argv;
#ifndef pthread_create
  return ((int*)(&pthread_create))[argc];
#else
  (void)argc;
  return 0;
#endif
}

Determining if the function pthread_create exists in the pthreads failed with the following output:
Change Dir: /home/jiale/softgym/PyFlex/bindings/build/CMakeFiles/CMakeTmp

Run Build Command(s):/usr/bin/make cmTC_d8460/fast 
/usr/bin/make -f CMakeFiles/cmTC_d8460.dir/build.make CMakeFiles/cmTC_d8460.dir/build
make[1]: Entering directory '/home/jiale/softgym/PyFlex/bindings/build/CMakeFiles/CMakeTmp'
Building C object CMakeFiles/cmTC_d8460.dir/CheckFunctionExists.c.o
/usr/bin/cc   -fPIC -DCHECK_FUNCTION_EXISTS=pthread_create   -o CMakeFiles/cmTC_d8460.dir/CheckFunctionExists.c.o   -c /home/jiale/anaconda3/envs/softgym/share/cmake-3.14/Modules/CheckFunctionExists.c
Linking C executable cmTC_d8460
/home/jiale/anaconda3/envs/softgym/bin/cmake -E cmake_link_script CMakeFiles/cmTC_d8460.dir/link.txt --verbose=1
/usr/bin/cc -fPIC -DCHECK_FUNCTION_EXISTS=pthread_create    CMakeFiles/cmTC_d8460.dir/CheckFunctionExists.c.o  -o cmTC_d8460 -lpthreads 
/usr/bin/ld: cannot find -lpthreads
collect2: error: ld returned 1 exit status
CMakeFiles/cmTC_d8460.dir/build.make:86: recipe for target 'cmTC_d8460' failed
make[1]: *** [cmTC_d8460] Error 1
make[1]: Leaving directory '/home/jiale/softgym/PyFlex/bindings/build/CMakeFiles/CMakeTmp'
Makefile:121: recipe for target 'cmTC_d8460/fast' failed
make: *** [cmTC_d8460/fast] Error 2


